  main.cpp
d:\visual studio 2015\project1\project1\include/Angel.h(63): warning C4305: “初始化”: 从“double”到“GLfloat”截断
d:\visual studio 2015\project1\project1\include\mat.h(698): warning C4244: “=”: 从“double”转换到“GLfloat”，可能丢失数据
d:\visual studio 2015\project1\project1\include\mat.h(699): warning C4244: “=”: 从“double”转换到“GLfloat”，可能丢失数据
d:\visual studio 2015\project1\project1\include\mat.h(700): warning C4244: “=”: 从“double”转换到“GLfloat”，可能丢失数据
d:\visual studio 2015\project1\project1\include\mat.h(721): warning C4244: “=”: 从“double”转换到“GLfloat”，可能丢失数据
d:\visual studio 2015\project1\project1\include\mat.h(723): warning C4244: “=”: 从“double”转换到“GLfloat”，可能丢失数据
d:\visual studio 2015\project1\project1\include\mat.h(726): warning C4244: “=”: 从“double”转换到“GLfloat”，可能丢失数据
d:\visual studio 2015\project1\project1\include\mat.h(743): warning C4244: “=”: 从“double”转换到“GLfloat”，可能丢失数据
main.cpp(82): warning C4305: “参数”: 从“double”到“GLfloat”截断
main.cpp(83): warning C4305: “参数”: 从“double”到“GLfloat”截断
main.cpp(84): warning C4305: “参数”: 从“double”到“GLfloat”截断
main.cpp(85): warning C4305: “参数”: 从“double”到“GLfloat”截断
main.cpp(86): warning C4305: “参数”: 从“double”到“GLfloat”截断
main.cpp(87): warning C4305: “参数”: 从“double”到“GLfloat”截断
main.cpp(88): warning C4305: “参数”: 从“double”到“GLfloat”截断
main.cpp(145): warning C4305: “参数”: 从“double”到“GLfloat”截断
main.cpp(145): warning C4244: “参数”: 从“double”转换到“GLfloat”，可能丢失数据
main.cpp(146): warning C4305: “参数”: 从“double”到“GLfloat”截断
main.cpp(146): warning C4244: “参数”: 从“double”转换到“GLfloat”，可能丢失数据
main.cpp(147): warning C4305: “参数”: 从“double”到“GLfloat”截断
main.cpp(147): warning C4244: “参数”: 从“double”转换到“GLfloat”，可能丢失数据
main.cpp(148): warning C4305: “参数”: 从“double”到“GLfloat”截断
main.cpp(148): warning C4244: “参数”: 从“double”转换到“GLfloat”，可能丢失数据
main.cpp(299): warning C4244: “参数”: 从“time_t”转换到“unsigned int”，可能丢失数据
main.cpp(345): warning C4244: “参数”: 从“double”转换到“GLfloat”，可能丢失数据
main.cpp(346): warning C4244: “参数”: 从“double”转换到“GLfloat”，可能丢失数据
main.cpp(353): warning C4244: “参数”: 从“double”转换到“GLfloat”，可能丢失数据
main.cpp(354): warning C4244: “参数”: 从“double”转换到“GLfloat”，可能丢失数据
main.cpp(370): warning C4244: “参数”: 从“double”转换到“GLfloat”，可能丢失数据
main.cpp(371): warning C4244: “参数”: 从“double”转换到“GLfloat”，可能丢失数据
main.cpp(372): warning C4244: “参数”: 从“double”转换到“GLfloat”，可能丢失数据
main.cpp(373): warning C4244: “参数”: 从“double”转换到“GLfloat”，可能丢失数据
main.cpp(478): warning C4244: “=”: 从“GLfloat”转换到“int”，可能丢失数据
main.cpp(479): warning C4244: “=”: 从“GLfloat”转换到“int”，可能丢失数据
main.cpp(523): warning C4244: “参数”: 从“int”转换到“GLfloat”，可能丢失数据
main.cpp(534): warning C4244: “参数”: 从“int”转换到“GLfloat”，可能丢失数据
main.cpp(536): warning C4244: “参数”: 从“int”转换到“GLfloat”，可能丢失数据
main.cpp(588): warning C4244: “初始化”: 从“GLfloat”转换到“int”，可能丢失数据
main.cpp(589): warning C4244: “初始化”: 从“GLfloat”转换到“int”，可能丢失数据
main.cpp(594): warning C4244: “参数”: 从“int”转换到“GLfloat”，可能丢失数据
main.cpp(613): warning C4244: “=”: 从“GLfloat”转换到“int”，可能丢失数据
main.cpp(614): warning C4244: “=”: 从“GLfloat”转换到“int”，可能丢失数据
  正在生成代码
  2 of 73 functions ( 2.7%) were compiled, the rest were copied from previous compilation.
    0 functions were new in current compilation
    1 functions had inline decision re-evaluated but remain unchanged
  已完成代码的生成
  Project1.vcxproj -> D:\visual studio 2015\Project1\Release\Project1.exe
  Project1.vcxproj -> D:\visual studio 2015\Project1\Release\Project1.pdb (Full PDB)
